<?xml version="1.0" encoding="UTF-8"?>
<coverage generated="1704284052998" clover="3.2.0">
  <project timestamp="1704284052998" name="All files">
    <metrics statements="39" coveredstatements="39" conditionals="9" coveredconditionals="9" methods="4" coveredmethods="4" elements="52" coveredelements="52" complexity="0" loc="39" ncloc="39" packages="4" files="5" classes="5"/>
    <package name="functions">
      <metrics statements="5" coveredstatements="5" conditionals="0" coveredconditionals="0" methods="2" coveredmethods="2"/>
      <file name="check_functions.ts" path="C:\Users\kiros\Documents\Personal_Projects\TCG_ANIME\TCG_Anime\new_back\src\functions\check_functions.ts">
        <metrics statements="5" coveredstatements="5" conditionals="0" coveredconditionals="0" methods="2" coveredmethods="2"/>
        <line num="8" count="6" type="stmt"/>
        <line num="9" count="6" type="stmt"/>
        <line num="18" count="5" type="stmt"/>
        <line num="19" count="5" type="stmt"/>
        <line num="22" count="1" type="stmt"/>
      </file>
    </package>
    <package name="init">
      <metrics statements="3" coveredstatements="3" conditionals="0" coveredconditionals="0" methods="0" coveredmethods="0"/>
      <file name="sequelize.ts" path="C:\Users\kiros\Documents\Personal_Projects\TCG_ANIME\TCG_Anime\new_back\src\init\sequelize.ts">
        <metrics statements="3" coveredstatements="3" conditionals="0" coveredconditionals="0" methods="0" coveredmethods="0"/>
        <line num="1" count="2" type="stmt"/>
        <line num="5" count="2" type="stmt"/>
        <line num="14" count="2" type="stmt"/>
      </file>
    </package>
    <package name="models">
      <metrics statements="4" coveredstatements="4" conditionals="0" coveredconditionals="0" methods="0" coveredmethods="0"/>
      <file name="user.model.ts" path="C:\Users\kiros\Documents\Personal_Projects\TCG_ANIME\TCG_Anime\new_back\src\models\user.model.ts">
        <metrics statements="4" coveredstatements="4" conditionals="0" coveredconditionals="0" methods="0" coveredmethods="0"/>
        <line num="1" count="2" type="stmt"/>
        <line num="2" count="2" type="stmt"/>
        <line num="85" count="2" type="stmt"/>
        <line num="128" count="2" type="stmt"/>
      </file>
    </package>
    <package name="routes.normal.user">
      <metrics statements="27" coveredstatements="27" conditionals="9" coveredconditionals="9" methods="2" coveredmethods="2"/>
      <file name="user.createUser.ts" path="C:\Users\kiros\Documents\Personal_Projects\TCG_ANIME\TCG_Anime\new_back\src\routes\normal\user\user.createUser.ts">
        <metrics statements="20" coveredstatements="20" conditionals="8" coveredconditionals="8" methods="1" coveredmethods="1"/>
        <line num="2" count="1" type="stmt"/>
        <line num="3" count="1" type="stmt"/>
        <line num="4" count="1" type="stmt"/>
        <line num="5" count="1" type="stmt"/>
        <line num="8" count="9" type="stmt"/>
        <line num="9" count="9" type="stmt"/>
        <line num="11" count="9" type="cond" truecount="1" falsecount="0"/>
        <line num="12" count="8" type="cond" truecount="1" falsecount="0"/>
        <line num="13" count="7" type="cond" truecount="1" falsecount="0"/>
        <line num="15" count="6" type="cond" truecount="1" falsecount="0"/>
        <line num="16" count="5" type="cond" truecount="1" falsecount="0"/>
        <line num="18" count="4" type="stmt"/>
        <line num="27" count="3" type="cond" truecount="1" falsecount="0"/>
        <line num="28" count="2" type="stmt"/>
        <line num="30" count="2" type="cond" truecount="2" falsecount="0"/>
        <line num="32" count="2" type="stmt"/>
        <line num="39" count="2" type="stmt"/>
        <line num="42" count="1" type="stmt"/>
        <line num="43" count="1" type="stmt"/>
        <line num="47" count="1" type="stmt"/>
      </file>
      <file name="user.getUserById.ts" path="C:\Users\kiros\Documents\Personal_Projects\TCG_ANIME\TCG_Anime\new_back\src\routes\normal\user\user.getUserById.ts">
        <metrics statements="7" coveredstatements="7" conditionals="1" coveredconditionals="1" methods="1" coveredmethods="1"/>
        <line num="2" count="1" type="stmt"/>
        <line num="5" count="3" type="stmt"/>
        <line num="6" count="3" type="stmt"/>
        <line num="10" count="2" type="cond" truecount="1" falsecount="0"/>
        <line num="12" count="1" type="stmt"/>
        <line num="14" count="1" type="stmt"/>
        <line num="18" count="1" type="stmt"/>
      </file>
    </package>
  </project>
</coverage>
