{"C:\\Users\\kiros\\Documents\\Personal_Projects\\TCG_ANIME\\TCG_Anime\\new_back\\src\\functions\\check_functions.ts": {"path":"C:\\Users\\kiros\\Documents\\Personal_Projects\\TCG_ANIME\\TCG_Anime\\new_back\\src\\functions\\check_functions.ts","statementMap":{"0":{"start":{"line":8,"column":24},"end":{"line":8,"column":55}},"1":{"start":{"line":9,"column":2},"end":{"line":9,"column":38}},"2":{"start":{"line":22,"column":9},"end":{"line":22,"column":23}},"3":{"start":{"line":18,"column":21},"end":{"line":18,"column":71}},"4":{"start":{"line":19,"column":2},"end":{"line":19,"column":32}},"5":{"start":{"line":22,"column":25},"end":{"line":22,"column":36}}},"fnMap":{"0":{"name":"check_password","decl":{"start":{"line":7,"column":9},"end":{"line":7,"column":23}},"loc":{"start":{"line":7,"column":40},"end":{"line":10,"column":1}}},"1":{"name":"check_email","decl":{"start":{"line":17,"column":9},"end":{"line":17,"column":20}},"loc":{"start":{"line":17,"column":34},"end":{"line":20,"column":1}}}},"branchMap":{},"s":{"0":6,"1":6,"2":1,"3":5,"4":5,"5":1},"f":{"0":6,"1":5},"b":{}}
,"C:\\Users\\kiros\\Documents\\Personal_Projects\\TCG_ANIME\\TCG_Anime\\new_back\\src\\init\\sequelize.ts": {"path":"C:\\Users\\kiros\\Documents\\Personal_Projects\\TCG_ANIME\\TCG_Anime\\new_back\\src\\init\\sequelize.ts","statementMap":{"0":{"start":{"line":1,"column":0},"end":{"line":1,"column":38}},"1":{"start":{"line":5,"column":18},"end":{"line":12,"column":2}},"2":{"start":{"line":14,"column":0},"end":{"line":14,"column":25}}},"fnMap":{},"branchMap":{},"s":{"0":2,"1":2,"2":2},"f":{},"b":{}}
,"C:\\Users\\kiros\\Documents\\Personal_Projects\\TCG_ANIME\\TCG_Anime\\new_back\\src\\models\\user.model.ts": {"path":"C:\\Users\\kiros\\Documents\\Personal_Projects\\TCG_ANIME\\TCG_Anime\\new_back\\src\\models\\user.model.ts","statementMap":{"0":{"start":{"line":1,"column":0},"end":{"line":1,"column":55}},"1":{"start":{"line":2,"column":0},"end":{"line":2,"column":42}},"2":{"start":{"line":85,"column":0},"end":{"line":126,"column":2}},"3":{"start":{"line":128,"column":0},"end":{"line":128,"column":20}}},"fnMap":{},"branchMap":{},"s":{"0":2,"1":2,"2":2,"3":2},"f":{},"b":{}}
,"C:\\Users\\kiros\\Documents\\Personal_Projects\\TCG_ANIME\\TCG_Anime\\new_back\\src\\routes\\normal\\user\\user.createUser.ts": {"path":"C:\\Users\\kiros\\Documents\\Personal_Projects\\TCG_ANIME\\TCG_Anime\\new_back\\src\\routes\\normal\\user\\user.createUser.ts","statementMap":{"0":{"start":{"line":2,"column":0},"end":{"line":2,"column":46}},"1":{"start":{"line":3,"column":0},"end":{"line":3,"column":28}},"2":{"start":{"line":4,"column":0},"end":{"line":4,"column":31}},"3":{"start":{"line":5,"column":0},"end":{"line":5,"column":81}},"4":{"start":{"line":8,"column":1},"end":{"line":44,"column":2}},"5":{"start":{"line":9,"column":57},"end":{"line":9,"column":65}},"6":{"start":{"line":11,"column":2},"end":{"line":11,"column":96}},"7":{"start":{"line":11,"column":17},"end":{"line":11,"column":96}},"8":{"start":{"line":12,"column":2},"end":{"line":12,"column":96}},"9":{"start":{"line":12,"column":17},"end":{"line":12,"column":96}},"10":{"start":{"line":13,"column":2},"end":{"line":13,"column":90}},"11":{"start":{"line":13,"column":14},"end":{"line":13,"column":90}},"12":{"start":{"line":15,"column":2},"end":{"line":15,"column":113}},"13":{"start":{"line":15,"column":33},"end":{"line":15,"column":113}},"14":{"start":{"line":16,"column":2},"end":{"line":16,"column":104}},"15":{"start":{"line":16,"column":27},"end":{"line":16,"column":104}},"16":{"start":{"line":18,"column":19},"end":{"line":25,"column":4}},"17":{"start":{"line":27,"column":2},"end":{"line":27,"column":94}},"18":{"start":{"line":27,"column":16},"end":{"line":27,"column":94}},"19":{"start":{"line":28,"column":21},"end":{"line":28,"column":50}},"20":{"start":{"line":30,"column":25},"end":{"line":30,"column":65}},"21":{"start":{"line":32,"column":2},"end":{"line":37,"column":5}},"22":{"start":{"line":39,"column":2},"end":{"line":39,"column":66}},"23":{"start":{"line":42,"column":2},"end":{"line":42,"column":null}},"24":{"start":{"line":43,"column":2},"end":{"line":43,"column":84}},"25":{"start":{"line":47,"column":0},"end":{"line":47,"column":26}}},"fnMap":{"0":{"name":"createUser","decl":{"start":{"line":7,"column":15},"end":{"line":7,"column":25}},"loc":{"start":{"line":7,"column":53},"end":{"line":45,"column":2}}}},"branchMap":{"0":{"loc":{"start":{"line":11,"column":2},"end":{"line":11,"column":96}},"type":"if","locations":[{"start":{"line":11,"column":2},"end":{"line":11,"column":96}}]},"1":{"loc":{"start":{"line":12,"column":2},"end":{"line":12,"column":96}},"type":"if","locations":[{"start":{"line":12,"column":2},"end":{"line":12,"column":96}}]},"2":{"loc":{"start":{"line":13,"column":2},"end":{"line":13,"column":90}},"type":"if","locations":[{"start":{"line":13,"column":2},"end":{"line":13,"column":90}}]},"3":{"loc":{"start":{"line":15,"column":2},"end":{"line":15,"column":113}},"type":"if","locations":[{"start":{"line":15,"column":2},"end":{"line":15,"column":113}}]},"4":{"loc":{"start":{"line":16,"column":2},"end":{"line":16,"column":104}},"type":"if","locations":[{"start":{"line":16,"column":2},"end":{"line":16,"column":104}}]},"5":{"loc":{"start":{"line":27,"column":2},"end":{"line":27,"column":94}},"type":"if","locations":[{"start":{"line":27,"column":2},"end":{"line":27,"column":94}}]},"6":{"loc":{"start":{"line":30,"column":25},"end":{"line":30,"column":65}},"type":"cond-expr","locations":[{"start":{"line":30,"column":43},"end":{"line":30,"column":58}},{"start":{"line":30,"column":61},"end":{"line":30,"column":65}}]}},"s":{"0":1,"1":1,"2":1,"3":1,"4":9,"5":9,"6":9,"7":1,"8":8,"9":1,"10":7,"11":1,"12":6,"13":1,"14":5,"15":1,"16":4,"17":3,"18":1,"19":2,"20":2,"21":2,"22":2,"23":1,"24":1,"25":1},"f":{"0":9},"b":{"0":[1],"1":[1],"2":[1],"3":[1],"4":[1],"5":[1],"6":[1,1]}}
,"C:\\Users\\kiros\\Documents\\Personal_Projects\\TCG_ANIME\\TCG_Anime\\new_back\\src\\routes\\normal\\user\\user.getUserById.ts": {"path":"C:\\Users\\kiros\\Documents\\Personal_Projects\\TCG_ANIME\\TCG_Anime\\new_back\\src\\routes\\normal\\user\\user.getUserById.ts","statementMap":{"0":{"start":{"line":2,"column":0},"end":{"line":2,"column":46}},"1":{"start":{"line":5,"column":1},"end":{"line":15,"column":2}},"2":{"start":{"line":6,"column":15},"end":{"line":8,"column":4}},"3":{"start":{"line":10,"column":2},"end":{"line":10,"column":72}},"4":{"start":{"line":10,"column":13},"end":{"line":10,"column":72}},"5":{"start":{"line":12,"column":2},"end":{"line":12,"column":29}},"6":{"start":{"line":14,"column":2},"end":{"line":14,"column":49}},"7":{"start":{"line":18,"column":0},"end":{"line":18,"column":27}}},"fnMap":{"0":{"name":"getUserById","decl":{"start":{"line":4,"column":15},"end":{"line":4,"column":26}},"loc":{"start":{"line":4,"column":54},"end":{"line":16,"column":2}}}},"branchMap":{"0":{"loc":{"start":{"line":10,"column":2},"end":{"line":10,"column":72}},"type":"if","locations":[{"start":{"line":10,"column":2},"end":{"line":10,"column":72}}]}},"s":{"0":1,"1":3,"2":3,"3":2,"4":1,"5":1,"6":1,"7":1},"f":{"0":3},"b":{"0":[1]}}
}
