TN:
SF:src\functions\check_functions.ts
FN:7,check_password
FN:17,check_email
FNF:2
FNH:2
FNDA:6,check_password
FNDA:5,check_email
DA:8,6
DA:9,6
DA:18,5
DA:19,5
DA:22,1
LF:5
LH:5
BRF:0
BRH:0
end_of_record
TN:
SF:src\init\sequelize.ts
FNF:0
FNH:0
DA:1,2
DA:5,2
DA:14,2
LF:3
LH:3
BRF:0
BRH:0
end_of_record
TN:
SF:src\models\user.model.ts
FNF:0
FNH:0
DA:1,2
DA:2,2
DA:85,2
DA:128,2
LF:4
LH:4
BRF:0
BRH:0
end_of_record
TN:
SF:src\routes\normal\user\user.createUser.ts
FN:7,createUser
FNF:1
FNH:1
FNDA:9,createUser
DA:2,1
DA:3,1
DA:4,1
DA:5,1
DA:8,9
DA:9,9
DA:11,9
DA:12,8
DA:13,7
DA:15,6
DA:16,5
DA:18,4
DA:27,3
DA:28,2
DA:30,2
DA:32,2
DA:39,2
DA:42,1
DA:43,1
DA:47,1
LF:20
LH:20
BRDA:11,0,0,1
BRDA:12,1,0,1
BRDA:13,2,0,1
BRDA:15,3,0,1
BRDA:16,4,0,1
BRDA:27,5,0,1
BRDA:30,6,0,1
BRDA:30,6,1,1
BRF:8
BRH:8
end_of_record
TN:
SF:src\routes\normal\user\user.getUserById.ts
FN:4,getUserById
FNF:1
FNH:1
FNDA:3,getUserById
DA:2,1
DA:5,3
DA:6,3
DA:10,2
DA:12,1
DA:14,1
DA:18,1
LF:7
LH:7
BRDA:10,0,0,1
BRF:1
BRH:1
end_of_record
